
> inventory-backend@1.0.0 dev
> nodemon server.js

[33m[nodemon] 3.1.14[39m
[33m[nodemon] to restart at any time, enter `rs`[39m
[33m[nodemon] watching path(s): server.js app.js config\**\* controllers\**\* middleware\**\* models\**\* routes\**\* utils\**\*[39m
[33m[nodemon] watching extensions: js[39m
[32m[nodemon] starting `node server.js server.js`[39m
[dotenv@17.3.1] injecting env (3) from .env -- tip: 🔐 encrypt with Dotenvx: https://dotenvx.com
MongoDB connected successfully
Server running on port 5000
Dashboard API hit: GET /api/dashboard
GET /api/analytics/stock-trend response: [
  {
    totalQuantity: 43,
    productCount: 2,
    date: '2026-03-19',
    label: '2026-03-19',
    value: 43
  },
  {
    totalQuantity: 133,
    productCount: 3,
    date: '2026-03-20',
    label: '2026-03-20',
    value: 133
  }
]
GET /api/analytics/category-distribution response: [
  {
    productCount: 1,
    totalQuantity: 99,
    category: 'Clothing',
    name: 'Clothing',
    value: 99
  },
  {
    productCount: 3,
    totalQuantity: 68,
    category: null,
    name: null,
    value: 68
  },
  {
    productCount: 1,
    totalQuantity: 9,
    category: 'Electronics',
    name: 'Electronics',
    value: 9
  }
]
[32m[nodemon] restarting due to changes...[39m
[32m[nodemon] restarting due to changes...[39m
[32m[nodemon] starting `node server.js server.js`[39m
[dotenv@17.3.1] injecting env (3) from .env -- tip: 🛠️  run anywhere with `dotenvx run -- yourcommand`
MongoDB connected successfully
Server running on port 5000
GET /api/analytics/category-distribution response: [
  {
    productCount: 1,
    totalQuantity: 99,
    category: 'Clothing',
    name: 'Clothing',
    value: 99
  },
  {
    productCount: 3,
    totalQuantity: 68,
    category: 'Other',
    name: 'Other',
    value: 68
  },
  {
    productCount: 1,
    totalQuantity: 9,
    category: 'Electronics',
    name: 'Electronics',
    value: 9
  }
]
Dashboard API hit: GET /api/dashboard
GET /api/analytics/stock-trend response: [
  {
    totalQuantity: 43,
    productCount: 2,
    date: '2026-03-19',
    label: '2026-03-19',
    value: 43
  },
  {
    totalQuantity: 133,
    productCount: 3,
    date: '2026-03-20',
    label: '2026-03-20',
    value: 133
  }
]
GET /api/analytics/category-distribution response: [
  {
    productCount: 1,
    totalQuantity: 99,
    category: 'Clothing',
    name: 'Clothing',
    value: 99
  },
  {
    productCount: 3,
    totalQuantity: 68,
    category: 'Other',
    name: 'Other',
    value: 68
  },
  {
    productCount: 1,
    totalQuantity: 9,
    category: 'Electronics',
    name: 'Electronics',
    value: 9
  }
]
Dashboard API hit: GET /api/dashboard
GET /api/analytics/category-distribution response: [
  {
    productCount: 1,
    totalQuantity: 99,
    category: 'Clothing',
    name: 'Clothing',
    value: 99
  },
  {
    productCount: 3,
    totalQuantity: 68,
    category: 'Other',
    name: 'Other',
    value: 68
  },
  {
    productCount: 1,
    totalQuantity: 9,
    category: 'Electronics',
    name: 'Electronics',
    value: 9
  }
]
GET /api/analytics/stock-trend response: [
  {
    totalQuantity: 43,
    productCount: 2,
    date: '2026-03-19',
    label: '2026-03-19',
    value: 43
  },
  {
    totalQuantity: 133,
    productCount: 3,
    date: '2026-03-20',
    label: '2026-03-20',
    value: 133
  }
]
GET /api/products req.query: [Object: null prototype] {}
GET /api/products final query: {}
Results: 5
GET /api/products req.query: [Object: null prototype] {}
GET /api/products final query: {}
Results: 5
GET /api/products req.query: [Object: null prototype] {}
GET /api/products final query: {}
Results: 5
GET /api/products req.query: [Object: null prototype] {}
GET /api/products final query: {}
Results: 5
GET /api/products req.query: [Object: null prototype] {}
GET /api/products final query: {}
Results: 5
GET /api/products req.query: [Object: null prototype] {}
GET /api/products final query: {}
Results: 5
Dashboard API hit: GET /api/dashboard
Dashboard API hit: GET /api/dashboard
GET /api/analytics/stock-trend response: [
  {
    totalQuantity: 43,
    productCount: 2,
    date: '2026-03-19',
    label: '2026-03-19',
    value: 43
  },
  {
    totalQuantity: 34,
    productCount: 2,
    date: '2026-03-20',
    label: '2026-03-20',
    value: 34
  },
  {
    totalQuantity: 80,
    productCount: 1,
    date: '2026-03-24',
    label: '2026-03-24',
    value: 80
  }
]
GET /api/analytics/category-distribution response: [
  {
    productCount: 1,
    totalQuantity: 80,
    category: 'Clothing',
    name: 'Clothing',
    value: 80
  },
  {
    productCount: 3,
    totalQuantity: 68,
    category: 'Other',
    name: 'Other',
    value: 68
  },
  {
    productCount: 1,
    totalQuantity: 9,
    category: 'Electronics',
    name: 'Electronics',
    value: 9
  }
]
GET /api/analytics/stock-trend response: [
  {
    totalQuantity: 43,
    productCount: 2,
    date: '2026-03-19',
    label: '2026-03-19',
    value: 43
  },
  {
    totalQuantity: 34,
    productCount: 2,
    date: '2026-03-20',
    label: '2026-03-20',
    value: 34
  },
  {
    totalQuantity: 80,
    productCount: 1,
    date: '2026-03-24',
    label: '2026-03-24',
    value: 80
  }
]
GET /api/analytics/category-distribution response: [
  {
    productCount: 1,
    totalQuantity: 80,
    category: 'Clothing',
    name: 'Clothing',
    value: 80
  },
  {
    productCount: 3,
    totalQuantity: 68,
    category: 'Other',
    name: 'Other',
    value: 68
  },
  {
    productCount: 1,
    totalQuantity: 9,
    category: 'Electronics',
    name: 'Electronics',
    value: 9
  }
]
GET /api/products req.query: [Object: null prototype] {}
GET /api/products final query: {}
Results: 5
GET /api/products req.query: [Object: null prototype] {}
GET /api/products final query: {}
Results: 5
GET /api/products req.query: [Object: null prototype] {}
GET /api/products final query: {}
Results: 5
GET /api/products req.query: [Object: null prototype] {}
GET /api/products final query: {}
Results: 5
Dashboard API hit: GET /api/dashboard
Dashboard API hit: GET /api/dashboard
GET /api/analytics/category-distribution response: [
  {
    productCount: 1,
    totalQuantity: 80,
    category: 'Clothing',
    name: 'Clothing',
    value: 80
  },
  {
    productCount: 3,
    totalQuantity: 68,
    category: 'Other',
    name: 'Other',
    value: 68
  },
  {
    productCount: 1,
    totalQuantity: 11,
    category: 'Electronics',
    name: 'Electronics',
    value: 11
  }
]
GET /api/analytics/stock-trend response: [
  {
    totalQuantity: 43,
    productCount: 2,
    date: '2026-03-19',
    label: '2026-03-19',
    value: 43
  },
  {
    totalQuantity: 25,
    productCount: 1,
    date: '2026-03-20',
    label: '2026-03-20',
    value: 25
  },
  {
    totalQuantity: 91,
    productCount: 2,
    date: '2026-03-24',
    label: '2026-03-24',
    value: 91
  }
]
GET /api/analytics/category-distribution response: [
  {
    productCount: 1,
    totalQuantity: 80,
    category: 'Clothing',
    name: 'Clothing',
    value: 80
  },
  {
    productCount: 3,
    totalQuantity: 68,
    category: 'Other',
    name: 'Other',
    value: 68
  },
  {
    productCount: 1,
    totalQuantity: 11,
    category: 'Electronics',
    name: 'Electronics',
    value: 11
  }
]
GET /api/analytics/stock-trend response: [
  {
    totalQuantity: 43,
    productCount: 2,
    date: '2026-03-19',
    label: '2026-03-19',
    value: 43
  },
  {
    totalQuantity: 25,
    productCount: 1,
    date: '2026-03-20',
    label: '2026-03-20',
    value: 25
  },
  {
    totalQuantity: 91,
    productCount: 2,
    date: '2026-03-24',
    label: '2026-03-24',
    value: 91
  }
]
GET /api/products req.query: [Object: null prototype] {}
GET /api/products final query: {}
Results: 5
GET /api/products req.query: [Object: null prototype] {}
GET /api/products final query: {}
Results: 5
GET /api/products req.query: [Object: null prototype] {}
GET /api/products final query: {}
Results: 5
Dashboard API hit: GET /api/dashboard
Dashboard API hit: GET /api/dashboard
GET /api/analytics/stock-trend response: [
  {
    totalQuantity: 43,
    productCount: 2,
    date: '2026-03-19',
    label: '2026-03-19',
    value: 43
  },
  {
    totalQuantity: 25,
    productCount: 1,
    date: '2026-03-20',
    label: '2026-03-20',
    value: 25
  },
  {
    totalQuantity: 91,
    productCount: 2,
    date: '2026-03-24',
    label: '2026-03-24',
    value: 91
  }
]
GET /api/analytics/category-distribution response: [
  {
    productCount: 1,
    totalQuantity: 80,
    category: 'Clothing',
    name: 'Clothing',
    value: 80
  },
  {
    productCount: 3,
    totalQuantity: 68,
    category: 'Other',
    name: 'Other',
    value: 68
  },
  {
    productCount: 1,
    totalQuantity: 11,
    category: 'Electronics',
    name: 'Electronics',
    value: 11
  }
]
GET /api/analytics/stock-trend response: [
  {
    totalQuantity: 43,
    productCount: 2,
    date: '2026-03-19',
    label: '2026-03-19',
    value: 43
  },
  {
    totalQuantity: 25,
    productCount: 1,
    date: '2026-03-20',
    label: '2026-03-20',
    value: 25
  },
  {
    totalQuantity: 91,
    productCount: 2,
    date: '2026-03-24',
    label: '2026-03-24',
    value: 91
  }
]
GET /api/analytics/category-distribution response: [
  {
    productCount: 1,
    totalQuantity: 80,
    category: 'Clothing',
    name: 'Clothing',
    value: 80
  },
  {
    productCount: 3,
    totalQuantity: 68,
    category: 'Other',
    name: 'Other',
    value: 68
  },
  {
    productCount: 1,
    totalQuantity: 11,
    category: 'Electronics',
    name: 'Electronics',
    value: 11
  }
]
GET /api/products req.query: [Object: null prototype] {}
GET /api/products final query: {}
Results: 5
GET /api/products req.query: [Object: null prototype] {}
GET /api/products final query: {}
Results: 5
GET /api/products req.query: [Object: null prototype] {}
GET /api/products final query: {}
Results: 5
Dashboard API hit: GET /api/dashboard
GET /api/analytics/stock-trend response: [
  {
    totalQuantity: 43,
    productCount: 2,
    date: '2026-03-19',
    label: '2026-03-19',
    value: 43
  },
  {
    totalQuantity: 25,
    productCount: 1,
    date: '2026-03-20',
    label: '2026-03-20',
    value: 25
  },
  {
    totalQuantity: 179,
    productCount: 2,
    date: '2026-03-24',
    label: '2026-03-24',
    value: 179
  }
]
GET /api/analytics/category-distribution response: [
  {
    productCount: 1,
    totalQuantity: 168,
    category: 'Clothing',
    name: 'Clothing',
    value: 168
  },
  {
    productCount: 3,
    totalQuantity: 68,
    category: 'Other',
    name: 'Other',
    value: 68
  },
  {
    productCount: 1,
    totalQuantity: 11,
    category: 'Electronics',
    name: 'Electronics',
    value: 11
  }
]
Dashboard API hit: GET /api/dashboard
GET /api/analytics/category-distribution response: [
  {
    productCount: 1,
    totalQuantity: 168,
    category: 'Clothing',
    name: 'Clothing',
    value: 168
  },
  {
    productCount: 3,
    totalQuantity: 68,
    category: 'Other',
    name: 'Other',
    value: 68
  },
  {
    productCount: 1,
    totalQuantity: 11,
    category: 'Electronics',
    name: 'Electronics',
    value: 11
  }
]
GET /api/analytics/stock-trend response: [
  {
    totalQuantity: 43,
    productCount: 2,
    date: '2026-03-19',
    label: '2026-03-19',
    value: 43
  },
  {
    totalQuantity: 25,
    productCount: 1,
    date: '2026-03-20',
    label: '2026-03-20',
    value: 25
  },
  {
    totalQuantity: 179,
    productCount: 2,
    date: '2026-03-24',
    label: '2026-03-24',
    value: 179
  }
]
GET /api/products req.query: [Object: null prototype] {}
GET /api/products final query: {}
Results: 5
GET /api/products req.query: [Object: null prototype] {}
GET /api/products final query: {}
Results: 5
GET /api/products req.query: [Object: null prototype] {}
GET /api/products final query: {}
Results: 5
Dashboard API hit: GET /api/dashboard
GET /api/analytics/category-distribution response: [
  {
    productCount: 1,
    totalQuantity: 169,
    category: 'Clothing',
    name: 'Clothing',
    value: 169
  },
  {
    productCount: 3,
    totalQuantity: 68,
    category: 'Other',
    name: 'Other',
    value: 68
  },
  {
    productCount: 1,
    totalQuantity: 11,
    category: 'Electronics',
    name: 'Electronics',
    value: 11
  }
]
GET /api/analytics/stock-trend response: [
  {
    totalQuantity: 43,
    productCount: 2,
    date: '2026-03-19',
    label: '2026-03-19',
    value: 43
  },
  {
    totalQuantity: 25,
    productCount: 1,
    date: '2026-03-20',
    label: '2026-03-20',
    value: 25
  },
  {
    totalQuantity: 180,
    productCount: 2,
    date: '2026-03-24',
    label: '2026-03-24',
    value: 180
  }
]
Dashboard API hit: GET /api/dashboard
GET /api/analytics/category-distribution response: [
  {
    productCount: 1,
    totalQuantity: 169,
    category: 'Clothing',
    name: 'Clothing',
    value: 169
  },
  {
    productCount: 3,
    totalQuantity: 68,
    category: 'Other',
    name: 'Other',
    value: 68
  },
  {
    productCount: 1,
    totalQuantity: 11,
    category: 'Electronics',
    name: 'Electronics',
    value: 11
  }
]
GET /api/analytics/stock-trend response: [
  {
    totalQuantity: 43,
    productCount: 2,
    date: '2026-03-19',
    label: '2026-03-19',
    value: 43
  },
  {
    totalQuantity: 25,
    productCount: 1,
    date: '2026-03-20',
    label: '2026-03-20',
    value: 25
  },
  {
    totalQuantity: 180,
    productCount: 2,
    date: '2026-03-24',
    label: '2026-03-24',
    value: 180
  }
]
GET /api/products req.query: [Object: null prototype] {}
GET /api/products final query: {}
Results: 5
GET /api/products req.query: [Object: null prototype] {}
GET /api/products final query: {}
Results: 5
GET /api/products req.query: [Object: null prototype] {}
GET /api/products final query: {}
Results: 5
GET /api/products req.query: [Object: null prototype] {}
GET /api/products final query: {}
Results: 5
GET /api/products req.query: [Object: null prototype] {}
GET /api/products final query: {}
Results: 5
GET /api/products req.query: [Object: null prototype] {}
GET /api/products final query: {}
Results: 5
GET /api/products req.query: [Object: null prototype] {}
GET /api/products final query: {}
Results: 5
GET /api/products req.query: [Object: null prototype] {}
GET /api/products final query: {}
Results: 5
GET /api/products req.query: [Object: null prototype] { skuSearch: 'i' }
GET /api/products final query: {"$and":[{"sku":{"$regex":"i","$options":"i"}}]}
Results: 5
GET /api/products req.query: [Object: null prototype] { skuSearch: 'ip' }
GET /api/products final query: {"$and":[{"sku":{"$regex":"ip","$options":"i"}}]}
Results: 3
GET /api/products req.query: [Object: null prototype] { skuSearch: 'ip1' }
GET /api/products final query: {"$and":[{"sku":{"$regex":"ip1","$options":"i"}}]}
Results: 3
GET /api/products req.query: [Object: null prototype] { skuSearch: 'ip16' }
GET /api/products final query: {"$and":[{"sku":{"$regex":"ip16","$options":"i"}}]}
Results: 1
GET /api/products req.query: [Object: null prototype] { skuSearch: 'ip1' }
GET /api/products final query: {"$and":[{"sku":{"$regex":"ip1","$options":"i"}}]}
Results: 3
GET /api/products req.query: [Object: null prototype] { skuSearch: 'ip' }
GET /api/products final query: {"$and":[{"sku":{"$regex":"ip","$options":"i"}}]}
Results: 3
GET /api/products req.query: [Object: null prototype] { skuSearch: 'i' }
GET /api/products final query: {"$and":[{"sku":{"$regex":"i","$options":"i"}}]}
Results: 5
GET /api/products req.query: [Object: null prototype] {}
GET /api/products final query: {}
Results: 5
Dashboard API hit: GET /api/dashboard
GET /api/analytics/category-distribution response: [
  {
    productCount: 1,
    totalQuantity: 169,
    category: 'Clothing',
    name: 'Clothing',
    value: 169
  },
  {
    productCount: 3,
    totalQuantity: 68,
    category: 'Other',
    name: 'Other',
    value: 68
  },
  {
    productCount: 1,
    totalQuantity: 11,
    category: 'Electronics',
    name: 'Electronics',
    value: 11
  }
]
GET /api/analytics/stock-trend response: [
  {
    totalQuantity: 43,
    productCount: 2,
    date: '2026-03-19',
    label: '2026-03-19',
    value: 43
  },
  {
    totalQuantity: 25,
    productCount: 1,
    date: '2026-03-20',
    label: '2026-03-20',
    value: 25
  },
  {
    totalQuantity: 180,
    productCount: 2,
    date: '2026-03-24',
    label: '2026-03-24',
    value: 180
  }
]
Dashboard API hit: GET /api/dashboard
GET /api/analytics/category-distribution response: [
  {
    productCount: 1,
    totalQuantity: 169,
    category: 'Clothing',
    name: 'Clothing',
    value: 169
  },
  {
    productCount: 3,
    totalQuantity: 68,
    category: 'Other',
    name: 'Other',
    value: 68
  },
  {
    productCount: 1,
    totalQuantity: 11,
    category: 'Electronics',
    name: 'Electronics',
    value: 11
  }
]
GET /api/analytics/stock-trend response: [
  {
    totalQuantity: 43,
    productCount: 2,
    date: '2026-03-19',
    label: '2026-03-19',
    value: 43
  },
  {
    totalQuantity: 25,
    productCount: 1,
    date: '2026-03-20',
    label: '2026-03-20',
    value: 25
  },
  {
    totalQuantity: 180,
    productCount: 2,
    date: '2026-03-24',
    label: '2026-03-24',
    value: 180
  }
]
GET /api/products req.query: [Object: null prototype] {}
GET /api/products final query: {}
Results: 5
GET /api/products req.query: [Object: null prototype] {}
GET /api/products final query: {}
Results: 5
GET /api/products req.query: [Object: null prototype] {}
GET /api/products final query: {}
Results: 5
GET /api/products req.query: [Object: null prototype] {}
GET /api/products final query: {}
Results: 5
GET /api/products req.query: [Object: null prototype] {}
GET /api/products final query: {}
Results: 5
GET /api/products req.query: [Object: null prototype] {}
GET /api/products final query: {}
Results: 5
GET /api/products req.query: [Object: null prototype] {}
GET /api/products final query: {}
Results: 5
GET /api/products req.query: [Object: null prototype] {}
GET /api/products final query: {}
Results: 5
GET /api/products req.query: [Object: null prototype] {}
GET /api/products final query: {}
Results: 5
GET /api/products req.query: [Object: null prototype] {}
GET /api/products final query: {}
Results: 5
GET /api/products req.query: [Object: null prototype] {}
GET /api/products final query: {}
Results: 5
Dashboard API hit: GET /api/dashboard
GET /api/analytics/stock-trend response: [
  {
    totalQuantity: 43,
    productCount: 2,
    date: '2026-03-19',
    label: '2026-03-19',
    value: 43
  },
  {
    totalQuantity: 25,
    productCount: 1,
    date: '2026-03-20',
    label: '2026-03-20',
    value: 25
  },
  {
    totalQuantity: 180,
    productCount: 2,
    date: '2026-03-24',
    label: '2026-03-24',
    value: 180
  }
]
GET /api/analytics/category-distribution response: [
  {
    productCount: 1,
    totalQuantity: 169,
    category: 'Clothing',
    name: 'Clothing',
    value: 169
  },
  {
    productCount: 3,
    totalQuantity: 68,
    category: 'Other',
    name: 'Other',
    value: 68
  },
  {
    productCount: 1,
    totalQuantity: 11,
    category: 'Electronics',
    name: 'Electronics',
    value: 11
  }
]
Dashboard API hit: GET /api/dashboard
GET /api/analytics/stock-trend response: [
  {
    totalQuantity: 43,
    productCount: 2,
    date: '2026-03-19',
    label: '2026-03-19',
    value: 43
  },
  {
    totalQuantity: 25,
    productCount: 1,
    date: '2026-03-20',
    label: '2026-03-20',
    value: 25
  },
  {
    totalQuantity: 180,
    productCount: 2,
    date: '2026-03-24',
    label: '2026-03-24',
    value: 180
  }
]
GET /api/analytics/category-distribution response: [
  {
    productCount: 1,
    totalQuantity: 169,
    category: 'Clothing',
    name: 'Clothing',
    value: 169
  },
  {
    productCount: 3,
    totalQuantity: 68,
    category: 'Other',
    name: 'Other',
    value: 68
  },
  {
    productCount: 1,
    totalQuantity: 11,
    category: 'Electronics',
    name: 'Electronics',
    value: 11
  }
]
GET /api/products req.query: [Object: null prototype] {}
GET /api/products final query: {}
Results: 5
GET /api/products req.query: [Object: null prototype] {}
GET /api/products final query: {}
Results: 5
Dashboard API hit: GET /api/dashboard
GET /api/analytics/category-distribution response: [
  {
    productCount: 1,
    totalQuantity: 169,
    category: 'Clothing',
    name: 'Clothing',
    value: 169
  },
  {
    productCount: 3,
    totalQuantity: 68,
    category: 'Other',
    name: 'Other',
    value: 68
  },
  {
    productCount: 1,
    totalQuantity: 11,
    category: 'Electronics',
    name: 'Electronics',
    value: 11
  }
]
GET /api/analytics/stock-trend response: [
  {
    totalQuantity: 43,
    productCount: 2,
    date: '2026-03-19',
    label: '2026-03-19',
    value: 43
  },
  {
    totalQuantity: 25,
    productCount: 1,
    date: '2026-03-20',
    label: '2026-03-20',
    value: 25
  },
  {
    totalQuantity: 180,
    productCount: 2,
    date: '2026-03-24',
    label: '2026-03-24',
    value: 180
  }
]
Dashboard API hit: GET /api/dashboard
GET /api/analytics/stock-trend response: [
  {
    totalQuantity: 43,
    productCount: 2,
    date: '2026-03-19',
    label: '2026-03-19',
    value: 43
  },
  {
    totalQuantity: 25,
    productCount: 1,
    date: '2026-03-20',
    label: '2026-03-20',
    value: 25
  },
  {
    totalQuantity: 180,
    productCount: 2,
    date: '2026-03-24',
    label: '2026-03-24',
    value: 180
  }
]
GET /api/analytics/category-distribution response: [
  {
    productCount: 1,
    totalQuantity: 169,
    category: 'Clothing',
    name: 'Clothing',
    value: 169
  },
  {
    productCount: 3,
    totalQuantity: 68,
    category: 'Other',
    name: 'Other',
    value: 68
  },
  {
    productCount: 1,
    totalQuantity: 11,
    category: 'Electronics',
    name: 'Electronics',
    value: 11
  }
]
GET /api/products req.query: [Object: null prototype] {}
GET /api/products final query: {}
Results: 5
GET /api/products req.query: [Object: null prototype] {}
GET /api/products final query: {}
Results: 5
Dashboard API hit: GET /api/dashboard
GET /api/analytics/category-distribution response: [
  {
    productCount: 1,
    totalQuantity: 169,
    category: 'Clothing',
    name: 'Clothing',
    value: 169
  },
  {
    productCount: 3,
    totalQuantity: 68,
    category: 'Other',
    name: 'Other',
    value: 68
  },
  {
    productCount: 1,
    totalQuantity: 11,
    category: 'Electronics',
    name: 'Electronics',
    value: 11
  }
]
GET /api/analytics/stock-trend response: [
  {
    totalQuantity: 43,
    productCount: 2,
    date: '2026-03-19',
    label: '2026-03-19',
    value: 43
  },
  {
    totalQuantity: 25,
    productCount: 1,
    date: '2026-03-20',
    label: '2026-03-20',
    value: 25
  },
  {
    totalQuantity: 180,
    productCount: 2,
    date: '2026-03-24',
    label: '2026-03-24',
    value: 180
  }
]
Dashboard API hit: GET /api/dashboard
GET /api/analytics/category-distribution response: [
  {
    productCount: 1,
    totalQuantity: 169,
    category: 'Clothing',
    name: 'Clothing',
    value: 169
  },
  {
    productCount: 3,
    totalQuantity: 68,
    category: 'Other',
    name: 'Other',
    value: 68
  },
  {
    productCount: 1,
    totalQuantity: 11,
    category: 'Electronics',
    name: 'Electronics',
    value: 11
  }
]
GET /api/analytics/stock-trend response: [
  {
    totalQuantity: 43,
    productCount: 2,
    date: '2026-03-19',
    label: '2026-03-19',
    value: 43
  },
  {
    totalQuantity: 25,
    productCount: 1,
    date: '2026-03-20',
    label: '2026-03-20',
    value: 25
  },
  {
    totalQuantity: 180,
    productCount: 2,
    date: '2026-03-24',
    label: '2026-03-24',
    value: 180
  }
]
GET /api/products req.query: [Object: null prototype] {}
GET /api/products final query: {}
Results: 5
GET /api/products req.query: [Object: null prototype] {}
GET /api/products final query: {}
Results: 5
GET /api/products req.query: [Object: null prototype] {}
GET /api/products final query: {}
Results: 5
Dashboard API hit: GET /api/dashboard
Dashboard API hit: GET /api/dashboard
GET /api/analytics/stock-trend response: [
  {
    totalQuantity: 43,
    productCount: 2,
    date: '2026-03-19',
    label: '2026-03-19',
    value: 43
  },
  {
    totalQuantity: 25,
    productCount: 1,
    date: '2026-03-20',
    label: '2026-03-20',
    value: 25
  },
  {
    totalQuantity: 180,
    productCount: 2,
    date: '2026-03-24',
    label: '2026-03-24',
    value: 180
  }
]
GET /api/analytics/category-distribution response: [
  {
    productCount: 1,
    totalQuantity: 169,
    category: 'Clothing',
    name: 'Clothing',
    value: 169
  },
  {
    productCount: 3,
    totalQuantity: 68,
    category: 'Other',
    name: 'Other',
    value: 68
  },
  {
    productCount: 1,
    totalQuantity: 11,
    category: 'Electronics',
    name: 'Electronics',
    value: 11
  }
]
GET /api/analytics/stock-trend response: [
  {
    totalQuantity: 43,
    productCount: 2,
    date: '2026-03-19',
    label: '2026-03-19',
    value: 43
  },
  {
    totalQuantity: 25,
    productCount: 1,
    date: '2026-03-20',
    label: '2026-03-20',
    value: 25
  },
  {
    totalQuantity: 180,
    productCount: 2,
    date: '2026-03-24',
    label: '2026-03-24',
    value: 180
  }
]
GET /api/analytics/category-distribution response: [
  {
    productCount: 1,
    totalQuantity: 169,
    category: 'Clothing',
    name: 'Clothing',
    value: 169
  },
  {
    productCount: 3,
    totalQuantity: 68,
    category: 'Other',
    name: 'Other',
    value: 68
  },
  {
    productCount: 1,
    totalQuantity: 11,
    category: 'Electronics',
    name: 'Electronics',
    value: 11
  }
]
GET /api/products req.query: [Object: null prototype] {}
GET /api/products final query: {}
Results: 5
GET /api/products req.query: [Object: null prototype] {}
GET /api/products final query: {}
Results: 5
Dashboard API hit: GET /api/dashboard
GET /api/analytics/stock-trend response: [
  {
    totalQuantity: 43,
    productCount: 2,
    date: '2026-03-19',
    label: '2026-03-19',
    value: 43
  },
  {
    totalQuantity: 25,
    productCount: 1,
    date: '2026-03-20',
    label: '2026-03-20',
    value: 25
  },
  {
    totalQuantity: 180,
    productCount: 2,
    date: '2026-03-24',
    label: '2026-03-24',
    value: 180
  }
]
GET /api/analytics/category-distribution response: [
  {
    productCount: 1,
    totalQuantity: 169,
    category: 'Clothing',
    name: 'Clothing',
    value: 169
  },
  {
    productCount: 3,
    totalQuantity: 68,
    category: 'Other',
    name: 'Other',
    value: 68
  },
  {
    productCount: 1,
    totalQuantity: 11,
    category: 'Electronics',
    name: 'Electronics',
    value: 11
  }
]
Dashboard API hit: GET /api/dashboard
GET /api/analytics/stock-trend response: [
  {
    totalQuantity: 43,
    productCount: 2,
    date: '2026-03-19',
    label: '2026-03-19',
    value: 43
  },
  {
    totalQuantity: 25,
    productCount: 1,
    date: '2026-03-20',
    label: '2026-03-20',
    value: 25
  },
  {
    totalQuantity: 180,
    productCount: 2,
    date: '2026-03-24',
    label: '2026-03-24',
    value: 180
  }
]
GET /api/analytics/category-distribution response: [
  {
    productCount: 1,
    totalQuantity: 169,
    category: 'Clothing',
    name: 'Clothing',
    value: 169
  },
  {
    productCount: 3,
    totalQuantity: 68,
    category: 'Other',
    name: 'Other',
    value: 68
  },
  {
    productCount: 1,
    totalQuantity: 11,
    category: 'Electronics',
    name: 'Electronics',
    value: 11
  }
]
GET /api/products req.query: [Object: null prototype] {}
GET /api/products final query: {}
Results: 5
GET /api/products req.query: [Object: null prototype] {}
GET /api/products final query: {}
Results: 5
GET /api/products req.query: [Object: null prototype] {}
GET /api/products final query: {}
Results: 5
GET /api/products req.query: [Object: null prototype] {}
GET /api/products final query: {}
Results: 5
GET /api/products req.query: [Object: null prototype] {}
GET /api/products final query: {}
Results: 5
Dashboard API hit: GET /api/dashboard
GET /api/analytics/category-distribution response: [
  {
    productCount: 1,
    totalQuantity: 169,
    category: 'Clothing',
    name: 'Clothing',
    value: 169
  },
  {
    productCount: 3,
    totalQuantity: 68,
    category: 'Other',
    name: 'Other',
    value: 68
  },
  {
    productCount: 1,
    totalQuantity: 11,
    category: 'Electronics',
    name: 'Electronics',
    value: 11
  }
]
Dashboard API hit: GET /api/dashboard
GET /api/analytics/stock-trend response: [
  {
    totalQuantity: 43,
    productCount: 2,
    date: '2026-03-19',
    label: '2026-03-19',
    value: 43
  },
  {
    totalQuantity: 25,
    productCount: 1,
    date: '2026-03-20',
    label: '2026-03-20',
    value: 25
  },
  {
    totalQuantity: 180,
    productCount: 2,
    date: '2026-03-24',
    label: '2026-03-24',
    value: 180
  }
]
GET /api/analytics/stock-trend response: [
  {
    totalQuantity: 43,
    productCount: 2,
    date: '2026-03-19',
    label: '2026-03-19',
    value: 43
  },
  {
    totalQuantity: 25,
    productCount: 1,
    date: '2026-03-20',
    label: '2026-03-20',
    value: 25
  },
  {
    totalQuantity: 180,
    productCount: 2,
    date: '2026-03-24',
    label: '2026-03-24',
    value: 180
  }
]
GET /api/analytics/category-distribution response: [
  {
    productCount: 1,
    totalQuantity: 169,
    category: 'Clothing',
    name: 'Clothing',
    value: 169
  },
  {
    productCount: 3,
    totalQuantity: 68,
    category: 'Other',
    name: 'Other',
    value: 68
  },
  {
    productCount: 1,
    totalQuantity: 11,
    category: 'Electronics',
    name: 'Electronics',
    value: 11
  }
]
Dashboard API hit: GET /api/dashboard
GET /api/analytics/stock-trend response: [
  {
    totalQuantity: 43,
    productCount: 2,
    date: '2026-03-19',
    label: '2026-03-19',
    value: 43
  },
  {
    totalQuantity: 25,
    productCount: 1,
    date: '2026-03-20',
    label: '2026-03-20',
    value: 25
  },
  {
    totalQuantity: 180,
    productCount: 2,
    date: '2026-03-24',
    label: '2026-03-24',
    value: 180
  }
]
Dashboard API hit: GET /api/dashboard
GET /api/analytics/stock-trend response: [
  {
    totalQuantity: 43,
    productCount: 2,
    date: '2026-03-19',
    label: '2026-03-19',
    value: 43
  },
  {
    totalQuantity: 25,
    productCount: 1,
    date: '2026-03-20',
    label: '2026-03-20',
    value: 25
  },
  {
    totalQuantity: 180,
    productCount: 2,
    date: '2026-03-24',
    label: '2026-03-24',
    value: 180
  }
]
GET /api/analytics/category-distribution response: [
  {
    productCount: 1,
    totalQuantity: 169,
    category: 'Clothing',
    name: 'Clothing',
    value: 169
  },
  {
    productCount: 3,
    totalQuantity: 68,
    category: 'Other',
    name: 'Other',
    value: 68
  },
  {
    productCount: 1,
    totalQuantity: 11,
    category: 'Electronics',
    name: 'Electronics',
    value: 11
  }
]
GET /api/analytics/category-distribution response: [
  {
    productCount: 1,
    totalQuantity: 169,
    category: 'Clothing',
    name: 'Clothing',
    value: 169
  },
  {
    productCount: 3,
    totalQuantity: 68,
    category: 'Other',
    name: 'Other',
    value: 68
  },
  {
    productCount: 1,
    totalQuantity: 11,
    category: 'Electronics',
    name: 'Electronics',
    value: 11
  }
]
Dashboard API hit: GET /api/dashboard
GET /api/analytics/stock-trend response: [
  {
    totalQuantity: 43,
    productCount: 2,
    date: '2026-03-19',
    label: '2026-03-19',
    value: 43
  },
  {
    totalQuantity: 25,
    productCount: 1,
    date: '2026-03-20',
    label: '2026-03-20',
    value: 25
  },
  {
    totalQuantity: 180,
    productCount: 2,
    date: '2026-03-24',
    label: '2026-03-24',
    value: 180
  }
]
GET /api/analytics/category-distribution response: [
  {
    productCount: 1,
    totalQuantity: 169,
    category: 'Clothing',
    name: 'Clothing',
    value: 169
  },
  {
    productCount: 3,
    totalQuantity: 68,
    category: 'Other',
    name: 'Other',
    value: 68
  },
  {
    productCount: 1,
    totalQuantity: 11,
    category: 'Electronics',
    name: 'Electronics',
    value: 11
  }
]
Dashboard API hit: GET /api/dashboard
GET /api/analytics/category-distribution response: [
  {
    productCount: 1,
    totalQuantity: 169,
    category: 'Clothing',
    name: 'Clothing',
    value: 169
  },
  {
    productCount: 3,
    totalQuantity: 68,
    category: 'Other',
    name: 'Other',
    value: 68
  },
  {
    productCount: 1,
    totalQuantity: 11,
    category: 'Electronics',
    name: 'Electronics',
    value: 11
  }
]
GET /api/analytics/stock-trend response: [
  {
    totalQuantity: 43,
    productCount: 2,
    date: '2026-03-19',
    label: '2026-03-19',
    value: 43
  },
  {
    totalQuantity: 25,
    productCount: 1,
    date: '2026-03-20',
    label: '2026-03-20',
    value: 25
  },
  {
    totalQuantity: 180,
    productCount: 2,
    date: '2026-03-24',
    label: '2026-03-24',
    value: 180
  }
]
GET /api/products req.query: [Object: null prototype] {}
GET /api/products final query: {}
Results: 5
GET /api/products req.query: [Object: null prototype] {}
GET /api/products final query: {}
Results: 5
GET /api/products req.query: [Object: null prototype] {}
GET /api/products final query: {}
Results: 5
Dashboard API hit: GET /api/dashboard
GET /api/analytics/category-distribution response: [
  {
    productCount: 1,
    totalQuantity: 169,
    category: 'Clothing',
    name: 'Clothing',
    value: 169
  },
  {
    productCount: 3,
    totalQuantity: 68,
    category: 'Other',
    name: 'Other',
    value: 68
  },
  {
    productCount: 1,
    totalQuantity: 11,
    category: 'Electronics',
    name: 'Electronics',
    value: 11
  }
]
GET /api/analytics/stock-trend response: [
  {
    totalQuantity: 43,
    productCount: 2,
    date: '2026-03-19',
    label: '2026-03-19',
    value: 43
  },
  {
    totalQuantity: 25,
    productCount: 1,
    date: '2026-03-20',
    label: '2026-03-20',
    value: 25
  },
  {
    totalQuantity: 180,
    productCount: 2,
    date: '2026-03-24',
    label: '2026-03-24',
    value: 180
  }
]
Dashboard API hit: GET /api/dashboard
GET /api/analytics/category-distribution response: [
  {
    productCount: 1,
    totalQuantity: 169,
    category: 'Clothing',
    name: 'Clothing',
    value: 169
  },
  {
    productCount: 3,
    totalQuantity: 68,
    category: 'Other',
    name: 'Other',
    value: 68
  },
  {
    productCount: 1,
    totalQuantity: 11,
    category: 'Electronics',
    name: 'Electronics',
    value: 11
  }
]
GET /api/analytics/stock-trend response: [
  {
    totalQuantity: 43,
    productCount: 2,
    date: '2026-03-19',
    label: '2026-03-19',
    value: 43
  },
  {
    totalQuantity: 25,
    productCount: 1,
    date: '2026-03-20',
    label: '2026-03-20',
    value: 25
  },
  {
    totalQuantity: 180,
    productCount: 2,
    date: '2026-03-24',
    label: '2026-03-24',
    value: 180
  }
]
Dashboard API hit: GET /api/dashboard
GET /api/analytics/category-distribution response: [
  {
    productCount: 1,
    totalQuantity: 169,
    category: 'Clothing',
    name: 'Clothing',
    value: 169
  },
  {
    productCount: 3,
    totalQuantity: 68,
    category: 'Other',
    name: 'Other',
    value: 68
  },
  {
    productCount: 1,
    totalQuantity: 11,
    category: 'Electronics',
    name: 'Electronics',
    value: 11
  }
]
GET /api/analytics/stock-trend response: [
  {
    totalQuantity: 43,
    productCount: 2,
    date: '2026-03-19',
    label: '2026-03-19',
    value: 43
  },
  {
    totalQuantity: 25,
    productCount: 1,
    date: '2026-03-20',
    label: '2026-03-20',
    value: 25
  },
  {
    totalQuantity: 180,
    productCount: 2,
    date: '2026-03-24',
    label: '2026-03-24',
    value: 180
  }
]
Dashboard API hit: GET /api/dashboard
GET /api/analytics/stock-trend response: [
  {
    totalQuantity: 43,
    productCount: 2,
    date: '2026-03-19',
    label: '2026-03-19',
    value: 43
  },
  {
    totalQuantity: 25,
    productCount: 1,
    date: '2026-03-20',
    label: '2026-03-20',
    value: 25
  },
  {
    totalQuantity: 180,
    productCount: 2,
    date: '2026-03-24',
    label: '2026-03-24',
    value: 180
  }
]
GET /api/analytics/category-distribution response: [
  {
    productCount: 1,
    totalQuantity: 169,
    category: 'Clothing',
    name: 'Clothing',
    value: 169
  },
  {
    productCount: 3,
    totalQuantity: 68,
    category: 'Other',
    name: 'Other',
    value: 68
  },
  {
    productCount: 1,
    totalQuantity: 11,
    category: 'Electronics',
    name: 'Electronics',
    value: 11
  }
]
Dashboard API hit: GET /api/dashboard
GET /api/analytics/stock-trend response: [
  {
    totalQuantity: 43,
    productCount: 2,
    date: '2026-03-19',
    label: '2026-03-19',
    value: 43
  },
  {
    totalQuantity: 25,
    productCount: 1,
    date: '2026-03-20',
    label: '2026-03-20',
    value: 25
  },
  {
    totalQuantity: 180,
    productCount: 2,
    date: '2026-03-24',
    label: '2026-03-24',
    value: 180
  }
]
GET /api/analytics/category-distribution response: [
  {
    productCount: 1,
    totalQuantity: 169,
    category: 'Clothing',
    name: 'Clothing',
    value: 169
  },
  {
    productCount: 3,
    totalQuantity: 68,
    category: 'Other',
    name: 'Other',
    value: 68
  },
  {
    productCount: 1,
    totalQuantity: 11,
    category: 'Electronics',
    name: 'Electronics',
    value: 11
  }
]
Dashboard API hit: GET /api/dashboard
GET /api/analytics/stock-trend response: [
  {
    totalQuantity: 43,
    productCount: 2,
    date: '2026-03-19',
    label: '2026-03-19',
    value: 43
  },
  {
    totalQuantity: 25,
    productCount: 1,
    date: '2026-03-20',
    label: '2026-03-20',
    value: 25
  },
  {
    totalQuantity: 180,
    productCount: 2,
    date: '2026-03-24',
    label: '2026-03-24',
    value: 180
  }
]
GET /api/analytics/category-distribution response: [
  {
    productCount: 1,
    totalQuantity: 169,
    category: 'Clothing',
    name: 'Clothing',
    value: 169
  },
  {
    productCount: 3,
    totalQuantity: 68,
    category: 'Other',
    name: 'Other',
    value: 68
  },
  {
    productCount: 1,
    totalQuantity: 11,
    category: 'Electronics',
    name: 'Electronics',
    value: 11
  }
]
Dashboard API hit: GET /api/dashboard
Dashboard API hit: GET /api/dashboard
GET /api/analytics/stock-trend response: [
  {
    totalQuantity: 43,
    productCount: 2,
    date: '2026-03-19',
    label: '2026-03-19',
    value: 43
  },
  {
    totalQuantity: 25,
    productCount: 1,
    date: '2026-03-20',
    label: '2026-03-20',
    value: 25
  },
  {
    totalQuantity: 180,
    productCount: 2,
    date: '2026-03-24',
    label: '2026-03-24',
    value: 180
  }
]
GET /api/analytics/category-distribution response: [
  {
    productCount: 1,
    totalQuantity: 169,
    category: 'Clothing',
    name: 'Clothing',
    value: 169
  },
  {
    productCount: 3,
    totalQuantity: 68,
    category: 'Other',
    name: 'Other',
    value: 68
  },
  {
    productCount: 1,
    totalQuantity: 11,
    category: 'Electronics',
    name: 'Electronics',
    value: 11
  }
]
GET /api/analytics/stock-trend response: [
  {
    totalQuantity: 43,
    productCount: 2,
    date: '2026-03-19',
    label: '2026-03-19',
    value: 43
  },
  {
    totalQuantity: 25,
    productCount: 1,
    date: '2026-03-20',
    label: '2026-03-20',
    value: 25
  },
  {
    totalQuantity: 180,
    productCount: 2,
    date: '2026-03-24',
    label: '2026-03-24',
    value: 180
  }
]
GET /api/analytics/category-distribution response: [
  {
    productCount: 1,
    totalQuantity: 169,
    category: 'Clothing',
    name: 'Clothing',
    value: 169
  },
  {
    productCount: 3,
    totalQuantity: 68,
    category: 'Other',
    name: 'Other',
    value: 68
  },
  {
    productCount: 1,
    totalQuantity: 11,
    category: 'Electronics',
    name: 'Electronics',
    value: 11
  }
]
Dashboard API hit: GET /api/dashboard
GET /api/analytics/stock-trend response: [
  {
    totalQuantity: 43,
    productCount: 2,
    date: '2026-03-19',
    label: '2026-03-19',
    value: 43
  },
  {
    totalQuantity: 25,
    productCount: 1,
    date: '2026-03-20',
    label: '2026-03-20',
    value: 25
  },
  {
    totalQuantity: 180,
    productCount: 2,
    date: '2026-03-24',
    label: '2026-03-24',
    value: 180
  }
]
Dashboard API hit: GET /api/dashboard
GET /api/analytics/category-distribution response: [
  {
    productCount: 1,
    totalQuantity: 169,
    category: 'Clothing',
    name: 'Clothing',
    value: 169
  },
  {
    productCount: 3,
    totalQuantity: 68,
    category: 'Other',
    name: 'Other',
    value: 68
  },
  {
    productCount: 1,
    totalQuantity: 11,
    category: 'Electronics',
    name: 'Electronics',
    value: 11
  }
]
GET /api/analytics/stock-trend response: [
  {
    totalQuantity: 43,
    productCount: 2,
    date: '2026-03-19',
    label: '2026-03-19',
    value: 43
  },
  {
    totalQuantity: 25,
    productCount: 1,
    date: '2026-03-20',
    label: '2026-03-20',
    value: 25
  },
  {
    totalQuantity: 180,
    productCount: 2,
    date: '2026-03-24',
    label: '2026-03-24',
    value: 180
  }
]
GET /api/analytics/category-distribution response: [
  {
    productCount: 1,
    totalQuantity: 169,
    category: 'Clothing',
    name: 'Clothing',
    value: 169
  },
  {
    productCount: 3,
    totalQuantity: 68,
    category: 'Other',
    name: 'Other',
    value: 68
  },
  {
    productCount: 1,
    totalQuantity: 11,
    category: 'Electronics',
    name: 'Electronics',
    value: 11
  }
]
Dashboard API hit: GET /api/dashboard
GET /api/analytics/category-distribution response: [
  {
    productCount: 1,
    totalQuantity: 169,
    category: 'Clothing',
    name: 'Clothing',
    value: 169
  },
  {
    productCount: 3,
    totalQuantity: 68,
    category: 'Other',
    name: 'Other',
    value: 68
  },
  {
    productCount: 1,
    totalQuantity: 11,
    category: 'Electronics',
    name: 'Electronics',
    value: 11
  }
]
Dashboard API hit: GET /api/dashboard
GET /api/analytics/stock-trend response: [
  {
    totalQuantity: 43,
    productCount: 2,
    date: '2026-03-19',
    label: '2026-03-19',
    value: 43
  },
  {
    totalQuantity: 25,
    productCount: 1,
    date: '2026-03-20',
    label: '2026-03-20',
    value: 25
  },
  {
    totalQuantity: 180,
    productCount: 2,
    date: '2026-03-24',
    label: '2026-03-24',
    value: 180
  }
]
GET /api/analytics/stock-trend response: [
  {
    totalQuantity: 43,
    productCount: 2,
    date: '2026-03-19',
    label: '2026-03-19',
    value: 43
  },
  {
    totalQuantity: 25,
    productCount: 1,
    date: '2026-03-20',
    label: '2026-03-20',
    value: 25
  },
  {
    totalQuantity: 180,
    productCount: 2,
    date: '2026-03-24',
    label: '2026-03-24',
    value: 180
  }
]
GET /api/analytics/category-distribution response: [
  {
    productCount: 1,
    totalQuantity: 169,
    category: 'Clothing',
    name: 'Clothing',
    value: 169
  },
  {
    productCount: 3,
    totalQuantity: 68,
    category: 'Other',
    name: 'Other',
    value: 68
  },
  {
    productCount: 1,
    totalQuantity: 11,
    category: 'Electronics',
    name: 'Electronics',
    value: 11
  }
]
GET /api/products req.query: [Object: null prototype] {}
GET /api/products final query: {}
Results: 5
GET /api/products req.query: [Object: null prototype] {}
GET /api/products final query: {}
Results: 5
GET /api/products req.query: [Object: null prototype] {}
GET /api/products final query: {}
Results: 5
GET /api/products req.query: [Object: null prototype] { skuSearch: 'i' }
GET /api/products final query: {"$and":[{"sku":{"$regex":"i","$options":"i"}}]}
Results: 5
GET /api/products req.query: [Object: null prototype] { skuSearch: 'ip' }
GET /api/products final query: {"$and":[{"sku":{"$regex":"ip","$options":"i"}}]}
Results: 3
GET /api/products req.query: [Object: null prototype] { skuSearch: 'ip1' }
GET /api/products final query: {"$and":[{"sku":{"$regex":"ip1","$options":"i"}}]}
Results: 3
GET /api/products req.query: [Object: null prototype] { skuSearch: 'ip16' }
GET /api/products final query: {"$and":[{"sku":{"$regex":"ip16","$options":"i"}}]}
Results: 1
GET /api/products req.query: [Object: null prototype] { skuSearch: 'ip1' }
GET /api/products final query: {"$and":[{"sku":{"$regex":"ip1","$options":"i"}}]}
Results: 3
GET /api/products req.query: [Object: null prototype] { skuSearch: 'ip' }
GET /api/products final query: {"$and":[{"sku":{"$regex":"ip","$options":"i"}}]}
GET /api/products req.query: [Object: null prototype] { skuSearch: 'i' }
GET /api/products final query: {"$and":[{"sku":{"$regex":"i","$options":"i"}}]}
GET /api/products req.query: [Object: null prototype] {}
GET /api/products final query: {}
Results: 3
Results: 5
Results: 5
Dashboard API hit: GET /api/dashboard
GET /api/analytics/stock-trend response: [
  {
    totalQuantity: 43,
    productCount: 2,
    date: '2026-03-19',
    label: '2026-03-19',
    value: 43
  },
  {
    totalQuantity: 25,
    productCount: 1,
    date: '2026-03-20',
    label: '2026-03-20',
    value: 25
  },
  {
    totalQuantity: 180,
    productCount: 2,
    date: '2026-03-24',
    label: '2026-03-24',
    value: 180
  }
]
GET /api/analytics/category-distribution response: [
  {
    productCount: 1,
    totalQuantity: 169,
    category: 'Clothing',
    name: 'Clothing',
    value: 169
  },
  {
    productCount: 3,
    totalQuantity: 68,
    category: 'Other',
    name: 'Other',
    value: 68
  },
  {
    productCount: 1,
    totalQuantity: 11,
    category: 'Electronics',
    name: 'Electronics',
    value: 11
  }
]
Dashboard API hit: GET /api/dashboard
GET /api/analytics/stock-trend response: [
  {
    totalQuantity: 43,
    productCount: 2,
    date: '2026-03-19',
    label: '2026-03-19',
    value: 43
  },
  {
    totalQuantity: 25,
    productCount: 1,
    date: '2026-03-20',
    label: '2026-03-20',
    value: 25
  },
  {
    totalQuantity: 180,
    productCount: 2,
    date: '2026-03-24',
    label: '2026-03-24',
    value: 180
  }
]
GET /api/analytics/category-distribution response: [
  {
    productCount: 1,
    totalQuantity: 169,
    category: 'Clothing',
    name: 'Clothing',
    value: 169
  },
  {
    productCount: 3,
    totalQuantity: 68,
    category: 'Other',
    name: 'Other',
    value: 68
  },
  {
    productCount: 1,
    totalQuantity: 11,
    category: 'Electronics',
    name: 'Electronics',
    value: 11
  }
]
Dashboard API hit: GET /api/dashboard
GET /api/analytics/category-distribution response: [
  {
    productCount: 1,
    totalQuantity: 169,
    category: 'Clothing',
    name: 'Clothing',
    value: 169
  },
  {
    productCount: 3,
    totalQuantity: 68,
    category: 'Other',
    name: 'Other',
    value: 68
  },
  {
    productCount: 1,
    totalQuantity: 11,
    category: 'Electronics',
    name: 'Electronics',
    value: 11
  }
]
GET /api/analytics/stock-trend response: [
  {
    totalQuantity: 43,
    productCount: 2,
    date: '2026-03-19',
    label: '2026-03-19',
    value: 43
  },
  {
    totalQuantity: 25,
    productCount: 1,
    date: '2026-03-20',
    label: '2026-03-20',
    value: 25
  },
  {
    totalQuantity: 180,
    productCount: 2,
    date: '2026-03-24',
    label: '2026-03-24',
    value: 180
  }
]
Dashboard API hit: GET /api/dashboard
GET /api/analytics/stock-trend response: [
  {
    totalQuantity: 43,
    productCount: 2,
    date: '2026-03-19',
    label: '2026-03-19',
    value: 43
  },
  {
    totalQuantity: 25,
    productCount: 1,
    date: '2026-03-20',
    label: '2026-03-20',
    value: 25
  },
  {
    totalQuantity: 180,
    productCount: 2,
    date: '2026-03-24',
    label: '2026-03-24',
    value: 180
  }
]
GET /api/analytics/category-distribution response: [
  {
    productCount: 1,
    totalQuantity: 169,
    category: 'Clothing',
    name: 'Clothing',
    value: 169
  },
  {
    productCount: 3,
    totalQuantity: 68,
    category: 'Other',
    name: 'Other',
    value: 68
  },
  {
    productCount: 1,
    totalQuantity: 11,
    category: 'Electronics',
    name: 'Electronics',
    value: 11
  }
]
GET /api/products req.query: [Object: null prototype] {}
GET /api/products final query: {}
Results: 5
GET /api/products req.query: [Object: null prototype] {}
GET /api/products final query: {}
Results: 5
GET /api/products req.query: [Object: null prototype] {}
GET /api/products final query: {}
Results: 5
GET /api/products req.query: [Object: null prototype] {}
GET /api/products final query: {}
Results: 5
GET /api/products req.query: [Object: null prototype] {}
GET /api/products final query: {}
Results: 5
GET /api/products req.query: [Object: null prototype] {}
GET /api/products final query: {}
Results: 5
GET /api/products req.query: [Object: null prototype] {}
GET /api/products final query: {}
Results: 5
GET /api/products req.query: [Object: null prototype] {}
GET /api/products final query: {}
Results: 5
GET /api/products req.query: [Object: null prototype] {}
GET /api/products final query: {}
Results: 5
GET /api/products req.query: [Object: null prototype] {}
GET /api/products final query: {}
Results: 5
Dashboard API hit: GET /api/dashboard
GET /api/analytics/stock-trend response: [
  {
    totalQuantity: 43,
    productCount: 2,
    date: '2026-03-19',
    label: '2026-03-19',
    value: 43
  },
  {
    totalQuantity: 25,
    productCount: 1,
    date: '2026-03-20',
    label: '2026-03-20',
    value: 25
  },
  {
    totalQuantity: 180,
    productCount: 2,
    date: '2026-03-24',
    label: '2026-03-24',
    value: 180
  }
]
Dashboard API hit: GET /api/dashboard
GET /api/analytics/category-distribution response: [
  {
    productCount: 1,
    totalQuantity: 169,
    category: 'Clothing',
    name: 'Clothing',
    value: 169
  },
  {
    productCount: 3,
    totalQuantity: 68,
    category: 'Other',
    name: 'Other',
    value: 68
  },
  {
    productCount: 1,
    totalQuantity: 11,
    category: 'Electronics',
    name: 'Electronics',
    value: 11
  }
]
GET /api/analytics/stock-trend response: [
  {
    totalQuantity: 43,
    productCount: 2,
    date: '2026-03-19',
    label: '2026-03-19',
    value: 43
  },
  {
    totalQuantity: 25,
    productCount: 1,
    date: '2026-03-20',
    label: '2026-03-20',
    value: 25
  },
  {
    totalQuantity: 180,
    productCount: 2,
    date: '2026-03-24',
    label: '2026-03-24',
    value: 180
  }
]
GET /api/analytics/category-distribution response: [
  {
    productCount: 1,
    totalQuantity: 169,
    category: 'Clothing',
    name: 'Clothing',
    value: 169
  },
  {
    productCount: 3,
    totalQuantity: 68,
    category: 'Other',
    name: 'Other',
    value: 68
  },
  {
    productCount: 1,
    totalQuantity: 11,
    category: 'Electronics',
    name: 'Electronics',
    value: 11
  }
]
Dashboard API hit: GET /api/dashboard
GET /api/analytics/category-distribution response: [
  {
    productCount: 1,
    totalQuantity: 169,
    category: 'Clothing',
    name: 'Clothing',
    value: 169
  },
  {
    productCount: 3,
    totalQuantity: 68,
    category: 'Other',
    name: 'Other',
    value: 68
  },
  {
    productCount: 1,
    totalQuantity: 11,
    category: 'Electronics',
    name: 'Electronics',
    value: 11
  }
]
GET /api/analytics/stock-trend response: [
  {
    totalQuantity: 43,
    productCount: 2,
    date: '2026-03-19',
    label: '2026-03-19',
    value: 43
  },
  {
    totalQuantity: 25,
    productCount: 1,
    date: '2026-03-20',
    label: '2026-03-20',
    value: 25
  },
  {
    totalQuantity: 180,
    productCount: 2,
    date: '2026-03-24',
    label: '2026-03-24',
    value: 180
  }
]
Dashboard API hit: GET /api/dashboard
GET /api/analytics/category-distribution response: [
  {
    productCount: 1,
    totalQuantity: 169,
    category: 'Clothing',
    name: 'Clothing',
    value: 169
  },
  {
    productCount: 3,
    totalQuantity: 68,
    category: 'Other',
    name: 'Other',
    value: 68
  },
  {
    productCount: 1,
    totalQuantity: 11,
    category: 'Electronics',
    name: 'Electronics',
    value: 11
  }
]
GET /api/analytics/stock-trend response: [
  {
    totalQuantity: 43,
    productCount: 2,
    date: '2026-03-19',
    label: '2026-03-19',
    value: 43
  },
  {
    totalQuantity: 25,
    productCount: 1,
    date: '2026-03-20',
    label: '2026-03-20',
    value: 25
  },
  {
    totalQuantity: 180,
    productCount: 2,
    date: '2026-03-24',
    label: '2026-03-24',
    value: 180
  }
]
GET /api/products req.query: [Object: null prototype] {}
GET /api/products final query: {}
Results: 5
GET /api/products req.query: [Object: null prototype] {}
GET /api/products final query: {}
Results: 5
GET /api/products req.query: [Object: null prototype] {}
GET /api/products final query: {}
Results: 5
GET /api/products req.query: [Object: null prototype] {}
GET /api/products final query: {}
Results: 5
GET /api/products req.query: [Object: null prototype] {}
GET /api/products final query: {}
Results: 5
GET /api/products req.query: [Object: null prototype] {}
GET /api/products final query: {}
Results: 5
Dashboard API hit: GET /api/dashboard
GET /api/analytics/stock-trend response: [
  {
    totalQuantity: 43,
    productCount: 2,
    date: '2026-03-19',
    label: '2026-03-19',
    value: 43
  },
  {
    totalQuantity: 25,
    productCount: 1,
    date: '2026-03-20',
    label: '2026-03-20',
    value: 25
  },
  {
    totalQuantity: 181,
    productCount: 2,
    date: '2026-03-24',
    label: '2026-03-24',
    value: 181
  }
]
GET /api/analytics/category-distribution response: [
  {
    productCount: 1,
    totalQuantity: 170,
    category: 'Clothing',
    name: 'Clothing',
    value: 170
  },
  {
    productCount: 3,
    totalQuantity: 68,
    category: 'Other',
    name: 'Other',
    value: 68
  },
  {
    productCount: 1,
    totalQuantity: 11,
    category: 'Electronics',
    name: 'Electronics',
    value: 11
  }
]
Dashboard API hit: GET /api/dashboard
GET /api/analytics/stock-trend response: [
  {
    totalQuantity: 43,
    productCount: 2,
    date: '2026-03-19',
    label: '2026-03-19',
    value: 43
  },
  {
    totalQuantity: 25,
    productCount: 1,
    date: '2026-03-20',
    label: '2026-03-20',
    value: 25
  },
  {
    totalQuantity: 181,
    productCount: 2,
    date: '2026-03-24',
    label: '2026-03-24',
    value: 181
  }
]
GET /api/analytics/category-distribution response: [
  {
    productCount: 1,
    totalQuantity: 170,
    category: 'Clothing',
    name: 'Clothing',
    value: 170
  },
  {
    productCount: 3,
    totalQuantity: 68,
    category: 'Other',
    name: 'Other',
    value: 68
  },
  {
    productCount: 1,
    totalQuantity: 11,
    category: 'Electronics',
    name: 'Electronics',
    value: 11
  }
]
Dashboard API hit: GET /api/dashboard
GET /api/analytics/stock-trend response: [
  {
    totalQuantity: 43,
    productCount: 2,
    date: '2026-03-19',
    label: '2026-03-19',
    value: 43
  },
  {
    totalQuantity: 25,
    productCount: 1,
    date: '2026-03-20',
    label: '2026-03-20',
    value: 25
  },
  {
    totalQuantity: 181,
    productCount: 2,
    date: '2026-03-24',
    label: '2026-03-24',
    value: 181
  }
]
Dashboard API hit: GET /api/dashboard
GET /api/analytics/category-distribution response: [
  {
    productCount: 1,
    totalQuantity: 170,
    category: 'Clothing',
    name: 'Clothing',
    value: 170
  },
  {
    productCount: 3,
    totalQuantity: 68,
    category: 'Other',
    name: 'Other',
    value: 68
  },
  {
    productCount: 1,
    totalQuantity: 11,
    category: 'Electronics',
    name: 'Electronics',
    value: 11
  }
]
GET /api/analytics/stock-trend response: [
  {
    totalQuantity: 43,
    productCount: 2,
    date: '2026-03-19',
    label: '2026-03-19',
    value: 43
  },
  {
    totalQuantity: 25,
    productCount: 1,
    date: '2026-03-20',
    label: '2026-03-20',
    value: 25
  },
  {
    totalQuantity: 181,
    productCount: 2,
    date: '2026-03-24',
    label: '2026-03-24',
    value: 181
  }
]
GET /api/analytics/category-distribution response: [
  {
    productCount: 1,
    totalQuantity: 170,
    category: 'Clothing',
    name: 'Clothing',
    value: 170
  },
  {
    productCount: 3,
    totalQuantity: 68,
    category: 'Other',
    name: 'Other',
    value: 68
  },
  {
    productCount: 1,
    totalQuantity: 11,
    category: 'Electronics',
    name: 'Electronics',
    value: 11
  }
]
